  EntryPoint.cpp
  Functions.cpp
C:\Users\Anti\Desktop\destiny stuff\client+dll\client-207-main\client-207-main\v207_1\MapleType.h(41,10): warning C4086: expected pragma parameter to be '1', '2', '4', '8', or '16'
  (compiling source file 'EntryPoint.cpp')
  
C:\Users\Anti\Desktop\destiny stuff\client+dll\client-207-main\client-207-main\v207_1\MapleType.h(41,10): warning C4086: expected pragma parameter to be '1', '2', '4', '8', or '16'
  (compiling source file 'Functions.cpp')
  
  MapleHook.cpp
C:\Users\Anti\Desktop\destiny stuff\client+dll\client-207-main\client-207-main\v207_1\MapleType.h(41,10): warning C4086: expected pragma parameter to be '1', '2', '4', '8', or '16'
  (compiling source file 'MapleHook.cpp')
  
  NMCOHook.cpp
C:\Users\Anti\Desktop\destiny stuff\client+dll\client-207-main\client-207-main\v207_1\MapleType.h(41,10): warning C4086: expected pragma parameter to be '1', '2', '4', '8', or '16'
  (compiling source file 'NMCOHook.cpp')
  
C:\Users\Anti\Desktop\destiny stuff\client+dll\client-207-main\client-207-main\v207_1\NMCO\NMDataObject.h(1,9): warning C4005: '_XDEF_NEXONLOGIN': macro redefinition
  (compiling source file 'NMCOHook.cpp')
      C:\Users\Anti\Desktop\destiny stuff\client+dll\client-207-main\client-207-main\v207_1\NMCO\NMGeneral.h(1,9):
      see previous definition of '_XDEF_NEXONLOGIN'
  
C:\Users\Anti\Desktop\destiny stuff\client+dll\client-207-main\client-207-main\v207_1\NMCO\NMSerializable.h(1,9): warning C4005: '_XDEF_NEXONLOGIN': macro redefinition
  (compiling source file 'NMCOHook.cpp')
      C:\Users\Anti\Desktop\destiny stuff\client+dll\client-207-main\client-207-main\v207_1\NMCO\NMDataObject.h(1,9):
      see previous definition of '_XDEF_NEXONLOGIN'
  
  SockHook.cpp
C:\Users\Anti\Desktop\destiny stuff\client+dll\client-207-main\client-207-main\v207_1\MapleType.h(41,10): warning C4086: expected pragma parameter to be '1', '2', '4', '8', or '16'
  (compiling source file 'SockHook.cpp')
  
  WinHook.cpp
C:\Users\Anti\Desktop\destiny stuff\client+dll\client-207-main\client-207-main\v207_1\MapleType.h(41,10): warning C4086: expected pragma parameter to be '1', '2', '4', '8', or '16'
  (compiling source file 'WinHook.cpp')
  
  Generating code
  14 of 594 functions ( 2.4%) were compiled, the rest were copied from previous compilation.
    0 functions were new in current compilation
    2 functions had inline decision re-evaluated but remain unchanged
  Finished generating code
  v207_1.vcxproj -> C:\Users\Anti\Desktop\destiny stuff\client+dll\client-207-main\client-207-main\Release\Celestia.dll
