c:\users\ניסן\desktop\maple.core versions\maplestoryv207\v207\client+dll\client-207-main\client-207-main\v207_1\debug\vc143.pdb
c:\users\ניסן\desktop\maple.core versions\maplestoryv207\v207\client+dll\client-207-main\client-207-main\v207_1\debug\vc143.idb
c:\users\ניסן\desktop\maple.core versions\maplestoryv207\v207\client+dll\client-207-main\client-207-main\v207_1\debug\winhook.obj
c:\users\ניסן\desktop\maple.core versions\maplestoryv207\v207\client+dll\client-207-main\client-207-main\v207_1\debug\sockhook.obj
c:\users\ניסן\desktop\maple.core versions\maplestoryv207\v207\client+dll\client-207-main\client-207-main\v207_1\debug\nmserializable.obj
c:\users\ניסן\desktop\maple.core versions\maplestoryv207\v207\client+dll\client-207-main\client-207-main\v207_1\debug\nmfunctionobject.obj
c:\users\ניסן\desktop\maple.core versions\maplestoryv207\v207\client+dll\client-207-main\client-207-main\v207_1\debug\nmdataobject.obj
c:\users\ניסן\desktop\maple.core versions\maplestoryv207\v207\client+dll\client-207-main\client-207-main\v207_1\debug\nmcohook.obj
c:\users\ניסן\desktop\maple.core versions\maplestoryv207\v207\client+dll\client-207-main\client-207-main\v207_1\debug\maplehook.obj
c:\users\ניסן\desktop\maple.core versions\maplestoryv207\v207\client+dll\client-207-main\client-207-main\v207_1\debug\functions.obj
c:\users\ניסן\desktop\maple.core versions\maplestoryv207\v207\client+dll\client-207-main\client-207-main\v207_1\debug\entrypoint.obj
c:\users\ניסן\desktop\maple.core versions\maplestoryv207\v207\client+dll\client-207-main\client-207-main\v207_1\debug\crypt.obj
c:\users\ניסן\desktop\maple.core versions\maplestoryv207\v207\client+dll\client-207-main\client-207-main\debug\auroralocal.dll
c:\users\ניסן\desktop\maple.core versions\maplestoryv207\v207\client+dll\client-207-main\client-207-main\debug\auroralocal.pdb
c:\users\ניסן\desktop\maple.core versions\maplestoryv207\v207\client+dll\client-207-main\client-207-main\debug\aurora.dll
c:\users\ניסן\desktop\maple.core versions\maplestoryv207\v207\client+dll\client-207-main\client-207-main\v207_1\debug\client207.tlog\cl.command.1.tlog
c:\users\ניסן\desktop\maple.core versions\maplestoryv207\v207\client+dll\client-207-main\client-207-main\v207_1\debug\client207.tlog\cl.items.tlog
c:\users\ניסן\desktop\maple.core versions\maplestoryv207\v207\client+dll\client-207-main\client-207-main\v207_1\debug\client207.tlog\cl.read.1.tlog
c:\users\ניסן\desktop\maple.core versions\maplestoryv207\v207\client+dll\client-207-main\client-207-main\v207_1\debug\client207.tlog\cl.write.1.tlog
c:\users\ניסן\desktop\maple.core versions\maplestoryv207\v207\client+dll\client-207-main\client-207-main\v207_1\debug\client207.tlog\link.command.1.tlog
c:\users\ניסן\desktop\maple.core versions\maplestoryv207\v207\client+dll\client-207-main\client-207-main\v207_1\debug\client207.tlog\link.read.1.tlog
c:\users\ניסן\desktop\maple.core versions\maplestoryv207\v207\client+dll\client-207-main\client-207-main\v207_1\debug\client207.tlog\link.write.1.tlog
