  crypt.cpp
  EntryPoint.cpp
C:\Users\ניסן\Desktop\Maple.Core versions\Maplestoryv207\v207\client+dll\client-207-main\client-207-main\v207_1\MapleType.h(41,10): warning C4086: expected pragma parameter to be '1', '2', '4', '8', or '16'
  Functions.cpp
C:\Users\ניסן\Desktop\Maple.Core versions\Maplestoryv207\v207\client+dll\client-207-main\client-207-main\v207_1\MapleType.h(41,10): warning C4086: expected pragma parameter to be '1', '2', '4', '8', or '16'
  MapleHook.cpp
C:\Users\ניסן\Desktop\Maple.Core versions\Maplestoryv207\v207\client+dll\client-207-main\client-207-main\v207_1\MapleType.h(41,10): warning C4086: expected pragma parameter to be '1', '2', '4', '8', or '16'
  NMCOHook.cpp
C:\Users\ניסן\Desktop\Maple.Core versions\Maplestoryv207\v207\client+dll\client-207-main\client-207-main\v207_1\MapleType.h(41,10): warning C4086: expected pragma parameter to be '1', '2', '4', '8', or '16'
C:\Users\ניסן\Desktop\Maple.Core versions\Maplestoryv207\v207\client+dll\client-207-main\client-207-main\v207_1\NMCO\NMFunctionObject.h(1,1): warning C4819: The file contains a character that cannot be represented in the current code page (1255). Save the file in Unicode format to prevent data loss
C:\Users\ניסן\Desktop\Maple.Core versions\Maplestoryv207\v207\client+dll\client-207-main\client-207-main\v207_1\NMCO\NMDataObject.h(1,1): warning C4819: The file contains a character that cannot be represented in the current code page (1255). Save the file in Unicode format to prevent data loss
C:\Users\ניסן\Desktop\Maple.Core versions\Maplestoryv207\v207\client+dll\client-207-main\client-207-main\v207_1\NMCO\NMDataObject.h(1,1): warning C4005: '_XDEF_NEXONLOGIN': macro redefinition
C:\Users\ניסן\Desktop\Maple.Core versions\Maplestoryv207\v207\client+dll\client-207-main\client-207-main\v207_1\NMCO\NMGeneral.h(1,1): message : see previous definition of '_XDEF_NEXONLOGIN'
C:\Users\ניסן\Desktop\Maple.Core versions\Maplestoryv207\v207\client+dll\client-207-main\client-207-main\v207_1\NMCO\NMSerializable.h(1,1): warning C4005: '_XDEF_NEXONLOGIN': macro redefinition
C:\Users\ניסן\Desktop\Maple.Core versions\Maplestoryv207\v207\client+dll\client-207-main\client-207-main\v207_1\NMCO\NMDataObject.h(1,1): message : see previous definition of '_XDEF_NEXONLOGIN'
C:\Users\ניסן\Desktop\Maple.Core versions\Maplestoryv207\v207\client+dll\client-207-main\client-207-main\v207_1\NMCO\NMDataObject.h(891,1): warning C4819: The file contains a character that cannot be represented in the current code page (1255). Save the file in Unicode format to prevent data loss
C:\Users\ניסן\Desktop\Maple.Core versions\Maplestoryv207\v207\client+dll\client-207-main\client-207-main\v207_1\NMCO\NMFunctionObject.h(1361,1): warning C4819: The file contains a character that cannot be represented in the current code page (1255). Save the file in Unicode format to prevent data loss
C:\Users\ניסן\Desktop\Maple.Core versions\Maplestoryv207\v207\client+dll\client-207-main\client-207-main\v207_1\NMCO\NMFunctionObject.h(2831,1): warning C4819: The file contains a character that cannot be represented in the current code page (1255). Save the file in Unicode format to prevent data loss
  NMDataObject.cpp
C:\Users\ניסן\Desktop\Maple.Core versions\Maplestoryv207\v207\client+dll\client-207-main\client-207-main\v207_1\NMCO\NMDataObject.h(1,1): warning C4819: The file contains a character that cannot be represented in the current code page (1255). Save the file in Unicode format to prevent data loss
C:\Users\ניסן\Desktop\Maple.Core versions\Maplestoryv207\v207\client+dll\client-207-main\client-207-main\v207_1\NMCO\NMSerializable.h(1,1): warning C4005: '_XDEF_NEXONLOGIN': macro redefinition
C:\Users\ניסן\Desktop\Maple.Core versions\Maplestoryv207\v207\client+dll\client-207-main\client-207-main\v207_1\NMCO\NMDataObject.h(1,1): message : see previous definition of '_XDEF_NEXONLOGIN'
C:\Users\ניסן\Desktop\Maple.Core versions\Maplestoryv207\v207\client+dll\client-207-main\client-207-main\v207_1\NMCO\NMDataObject.h(891,1): warning C4819: The file contains a character that cannot be represented in the current code page (1255). Save the file in Unicode format to prevent data loss
  NMFunctionObject.cpp
C:\Users\ניסן\Desktop\Maple.Core versions\Maplestoryv207\v207\client+dll\client-207-main\client-207-main\v207_1\NMCO\NMFunctionObject.h(1,1): warning C4819: The file contains a character that cannot be represented in the current code page (1255). Save the file in Unicode format to prevent data loss
C:\Users\ניסן\Desktop\Maple.Core versions\Maplestoryv207\v207\client+dll\client-207-main\client-207-main\v207_1\NMCO\NMDataObject.h(1,1): warning C4819: The file contains a character that cannot be represented in the current code page (1255). Save the file in Unicode format to prevent data loss
C:\Users\ניסן\Desktop\Maple.Core versions\Maplestoryv207\v207\client+dll\client-207-main\client-207-main\v207_1\NMCO\NMDataObject.h(1,1): warning C4005: '_XDEF_NEXONLOGIN': macro redefinition
C:\Users\ניסן\Desktop\Maple.Core versions\Maplestoryv207\v207\client+dll\client-207-main\client-207-main\v207_1\NMCO\NMGeneral.h(1,1): message : see previous definition of '_XDEF_NEXONLOGIN'
C:\Users\ניסן\Desktop\Maple.Core versions\Maplestoryv207\v207\client+dll\client-207-main\client-207-main\v207_1\NMCO\NMSerializable.h(1,1): warning C4005: '_XDEF_NEXONLOGIN': macro redefinition
C:\Users\ניסן\Desktop\Maple.Core versions\Maplestoryv207\v207\client+dll\client-207-main\client-207-main\v207_1\NMCO\NMDataObject.h(1,1): message : see previous definition of '_XDEF_NEXONLOGIN'
C:\Users\ניסן\Desktop\Maple.Core versions\Maplestoryv207\v207\client+dll\client-207-main\client-207-main\v207_1\NMCO\NMDataObject.h(891,1): warning C4819: The file contains a character that cannot be represented in the current code page (1255). Save the file in Unicode format to prevent data loss
C:\Users\ניסן\Desktop\Maple.Core versions\Maplestoryv207\v207\client+dll\client-207-main\client-207-main\v207_1\NMCO\NMFunctionObject.h(1361,1): warning C4819: The file contains a character that cannot be represented in the current code page (1255). Save the file in Unicode format to prevent data loss
C:\Users\ניסן\Desktop\Maple.Core versions\Maplestoryv207\v207\client+dll\client-207-main\client-207-main\v207_1\NMCO\NMFunctionObject.h(2831,1): warning C4819: The file contains a character that cannot be represented in the current code page (1255). Save the file in Unicode format to prevent data loss
  NMSerializable.cpp
  SockHook.cpp
C:\Users\ניסן\Desktop\Maple.Core versions\Maplestoryv207\v207\client+dll\client-207-main\client-207-main\v207_1\MapleType.h(41,10): warning C4086: expected pragma parameter to be '1', '2', '4', '8', or '16'
  WinHook.cpp
C:\Users\ניסן\Desktop\Maple.Core versions\Maplestoryv207\v207\client+dll\client-207-main\client-207-main\v207_1\MapleType.h(41,10): warning C4086: expected pragma parameter to be '1', '2', '4', '8', or '16'
  Generating Code...
C:\Users\ניסן\Desktop\Maple.Core versions\Maplestoryv207\v207\client+dll\client-207-main\client-207-main\v207_1\Functions.cpp(188): warning C4172: returning address of local variable or temporary: appTitle
crypt.obj : warning LNK4075: ignoring '/EDITANDCONTINUE' due to '/INCREMENTAL:NO' specification
detours.lib(detours.obj) : warning LNK4099: PDB '' was not found with 'detours.lib(detours.obj)' or at ''; linking object as if no debug info
detours.lib(disasm.obj) : warning LNK4099: PDB '' was not found with 'detours.lib(disasm.obj)' or at ''; linking object as if no debug info
  v207_1.vcxproj -> C:\Users\ניסן\Desktop\Maple.Core versions\Maplestoryv207\v207\client+dll\client-207-main\client-207-main\Debug\Aurora.dll
